<?xml version="1.0" encoding="UTF-8"?>
<Site BuildName="(empty)"
	BuildStamp="20240319-1107-Experimental"
	Name="MaxPC"
	Generator="ctest-3.16.3"
	CompilerName="/usr/bin/c++"
	CompilerVersion="9.4.0"
	OSName="Linux"
	Hostname="MaxPC"
	OSRelease="5.15.0-100-generic"
	OSVersion="#110~20.04.1-Ubuntu SMP Tue Feb 13 14:25:03 UTC 2024"
	OSPlatform="x86_64"
	Is64Bits="1"
	VendorString="GenuineIntel"
	VendorID="Intel Corporation"
	FamilyID="6"
	ModelID="126"
	ProcessorCacheSize="6144"
	NumberOfLogicalCPU="8"
	NumberOfPhysicalCPU="4"
	TotalVirtualMemory="2047"
	TotalPhysicalMemory="7626"
	LogicalProcessorsPerPhysical="2"
	ProcessorClockFrequency="1848.73"
	>
	<Testing>
		<StartDateTime>Mar 19 12:07 CET</StartDateTime>
		<StartTestTime>1710846438</StartTestTime>
		<TestList/>
		<EndDateTime>Mar 19 12:07 CET</EndDateTime>
		<EndTestTime>1710846438</EndTestTime>
		<ElapsedMinutes>0</ElapsedMinutes>
	</Testing>
</Site>
