<?xml version="1.0" encoding="UTF-8"?>
<Site BuildName="(empty)"
	BuildStamp="20240513-0809-Experimental"
	Name="MaxPC"
	Generator="ctest-3.16.3"
	CompilerName="/usr/bin/c++"
	CompilerVersion="9.4.0"
	OSName="Linux"
	Hostname="MaxPC"
	OSRelease="5.15.0-102-generic"
	OSVersion="#112~20.04.1-Ubuntu SMP Thu Mar 14 14:28:24 UTC 2024"
	OSPlatform="x86_64"
	Is64Bits="1"
	VendorString="GenuineIntel"
	VendorID="Intel Corporation"
	FamilyID="6"
	ModelID="126"
	ProcessorCacheSize="6144"
	NumberOfLogicalCPU="8"
	NumberOfPhysicalCPU="4"
	TotalVirtualMemory="2047"
	TotalPhysicalMemory="7626"
	LogicalProcessorsPerPhysical="2"
	ProcessorClockFrequency="2094.88"
	>
	<Testing>
		<StartDateTime>May 13 10:09 CEST</StartDateTime>
		<StartTestTime>1715587776</StartTestTime>
		<TestList/>
		<EndDateTime>May 13 10:09 CEST</EndDateTime>
		<EndTestTime>1715587776</EndTestTime>
		<ElapsedMinutes>0</ElapsedMinutes>
	</Testing>
</Site>
